<?xml version="1.0" encoding="UTF-8"?>
<testsuite xmlns:xsi="http://www.w3.org/2001/XMLSchema-instance" xsi:noNamespaceSchemaLocation="https://maven.apache.org/surefire/maven-surefire-plugin/xsd/surefire-test-report.xsd" name="ru.netology.service.FileServiceTest" time="0.322" tests="13" errors="0" skipped="0" failures="0">
  <properties>
[...]
</properties>
  <testcase name="downloadFileUnauthorized" classname="ru.netology.service.FileServiceTest" time="0.157"/>
  <testcase name="deleteFileInputDataException" classname="ru.netology.service.FileServiceTest" time="0.007"/>
  <testcase name="getAllFiles" classname="ru.netology.service.FileServiceTest" time="0.011"/>
  <testcase name="editFileNameInputDataException" classname="ru.netology.service.FileServiceTest" time="0.005"/>
  <testcase name="uploadFile" classname="ru.netology.service.FileServiceTest" time="0.005"/>
  <testcase name="editFileNameUnauthorized" classname="ru.netology.service.FileServiceTest" time="0.01"/>
  <testcase name="uploadFileUnauthorized" classname="ru.netology.service.FileServiceTest" time="0.009"/>
  <testcase name="downloadFileInputDataException" classname="ru.netology.service.FileServiceTest" time="0.043"/>
  <testcase name="getAllFilesUnauthorized" classname="ru.netology.service.FileServiceTest" time="0.012"/>
  <testcase name="downloadFile" classname="ru.netology.service.FileServiceTest" time="0.006"/>
  <testcase name="deleteFileUnauthorized" classname="ru.netology.service.FileServiceTest" time="0.005"/>
  <testcase name="deleteFile" classname="ru.netology.service.FileServiceTest" time="0.02"/>
  <testcase name="editFileName" classname="ru.netology.service.FileServiceTest" time="0.008"/>
</testsuite>